2025-08-27 08:19:15,585 (INFO) - django.utils.autoreload - Watching for file changes with StatReloader
2025-08-27 08:19:19,960 (INFO) - playground.views - Calling httpbin
2025-08-27 08:19:22,890 (INFO) - playground.views - Received the response
2025-08-27 08:19:28,765 (INFO) - django.utils.autoreload - /Users/masarat/development/django_projects/storefront/storefront/settings.py changed, reloading.
2025-08-27 08:19:51,833 (INFO) - django.utils.autoreload - Watching for file changes with StatReloader
2025-08-27 08:19:58,668 (INFO) - django.utils.autoreload - /Users/masarat/development/django_projects/storefront/storefront/settings.py changed, reloading.
2025-08-27 08:19:59,391 (INFO) - django.utils.autoreload - Watching for file changes with StatReloader
2025-08-27 08:20:05,055 (INFO) - django.utils.autoreload - /Users/masarat/development/django_projects/storefront/storefront/settings.py changed, reloading.
2025-08-27 08:20:05,754 (INFO) - django.utils.autoreload - Watching for file changes with StatReloader
2025-08-27 08:20:08,287 (INFO) - django.utils.autoreload - /Users/masarat/development/django_projects/storefront/storefront/settings.py changed, reloading.
2025-08-27 08:20:08,936 (INFO) - django.utils.autoreload - Watching for file changes with StatReloader
2025-08-27 08:20:20,848 (INFO) - django.utils.autoreload - /Users/masarat/development/django_projects/storefront/storefront/settings.py changed, reloading.
2025-08-27 08:20:21,680 (INFO) - django.utils.autoreload - Watching for file changes with StatReloader
2025-08-27 08:20:23,282 (INFO) - django.utils.autoreload - /Users/masarat/development/django_projects/storefront/storefront/settings.py changed, reloading.
2025-08-27 08:20:23,963 (INFO) - django.utils.autoreload - Watching for file changes with StatReloader
2025-08-27 08:21:11,371 (INFO) - django.utils.autoreload - /Users/masarat/development/django_projects/storefront/storefront/settings.py changed, reloading.
Watching for file changes with StatReloader
/Users/masarat/development/django_projects/storefront/storefront/settings.py changed, reloading.
2025-08-27 08:22:40,813 (INFO) - django.utils.autoreload - Watching for file changes with StatReloader
2025-08-27 08:22:43,321 (INFO) - django.utils.autoreload - /Users/masarat/development/django_projects/storefront/storefront/settings.py changed, reloading.
2025-08-27 08:22:43,999 (INFO) - django.utils.autoreload - Watching for file changes with StatReloader
2025-08-27 08:22:45,457 (INFO) - django.utils.autoreload - /Users/masarat/development/django_projects/storefront/storefront/settings.py changed, reloading.
Watching for file changes with StatReloader
/Users/masarat/development/django_projects/storefront/storefront/settings.py changed, reloading.
Watching for file changes with StatReloader
Calling httpbin
Received the response
/Users/masarat/development/django_projects/storefront/storefront/settings.py changed, reloading.
Watching for file changes with StatReloader
/Users/masarat/development/django_projects/storefront/storefront/settings.py changed, reloading.
Watching for file changes with StatReloader
/Users/masarat/development/django_projects/storefront/storefront/settings.py changed, reloading.
Watching for file changes with StatReloader
/Users/masarat/development/django_projects/storefront/storefront/settings.py changed, reloading.
Watching for file changes with StatReloader
/Users/masarat/development/django_projects/storefront/storefront/settings.py changed, reloading.
Watching for file changes with StatReloader
/Users/masarat/development/django_projects/storefront/storefront/settings.py changed, reloading.
Watching for file changes with StatReloader
/Users/masarat/development/django_projects/storefront/storefront/settings.py changed, reloading.
Watching for file changes with StatReloader
Calling httpbin
Received the response
/Users/masarat/development/django_projects/storefront/playground/views.py changed, reloading.
Watching for file changes with StatReloader
/Users/masarat/development/django_projects/storefront/storefront/settings.py changed, reloading.
Watching for file changes with StatReloader
/Users/masarat/development/django_projects/storefront/storefront/settings.py changed, reloading.
Watching for file changes with StatReloader
/Users/masarat/development/django_projects/storefront/storefront/settings.py changed, reloading.
2025-08-27 08:35:33,421 (INFO) - django.utils.autoreload - Watching for file changes with StatReloader
2025-08-27 08:35:40,356 (INFO) - playground.views - Calling httpbin
2025-08-27 08:35:43,254 (INFO) - playground.views - Received the response
2025-08-27 08:51:40,113 (INFO) - django.utils.autoreload - Watching for file changes with StatReloader
2025-08-27 08:51:42,019 (INFO) - playground.views - Calling httpbin
2025-08-27 08:51:43,836 (INFO) - playground.views - Received the response
2025-08-27 09:44:38,265 (INFO) - django.utils.autoreload - Watching for file changes with StatReloader
2025-08-27 09:45:59,233 (INFO) - django.utils.autoreload - /Users/masarat/development/django_projects/storefront/.venv/lib/python3.13/site-packages/requests/api.py changed, reloading.
2025-08-27 09:46:01,361 (INFO) - django.utils.autoreload - Watching for file changes with StatReloader
2025-08-27 09:46:03,022 (INFO) - django.utils.autoreload - /Users/masarat/development/django_projects/storefront/.venv/lib/python3.13/site-packages/charset_normalizer/__init__.py changed, reloading.
2025-08-27 09:46:04,567 (INFO) - django.utils.autoreload - Watching for file changes with StatReloader
2025-08-27 09:46:44,178 (INFO) - django.utils.autoreload - /Users/masarat/development/django_projects/storefront/.venv/lib/python3.13/site-packages/charset_normalizer/__init__.py changed, reloading.
2025-08-27 09:46:45,014 (INFO) - django.utils.autoreload - Watching for file changes with StatReloader
2025-08-27 09:47:13,196 (WARNING) - django.request - Unauthorized: /store/collections/
2025-08-27 09:47:13,210 (WARNING) - django.request - Forbidden: /store/collections/
2025-08-27 09:47:13,222 (WARNING) - django.request - Bad Request: /store/collections/
2025-08-27 09:48:15,732 (INFO) - django.utils.autoreload - /Users/masarat/development/django_projects/storefront/.venv/lib/python3.13/site-packages/requests/compat.py changed, reloading.
2025-08-27 09:48:16,417 (INFO) - django.utils.autoreload - Watching for file changes with StatReloader
2025-08-27 09:48:55,752 (WARNING) - django.request - Unauthorized: /store/collections/
2025-08-27 09:48:55,765 (WARNING) - django.request - Forbidden: /store/collections/
2025-08-27 09:48:55,777 (WARNING) - django.request - Bad Request: /store/collections/
2025-08-27 09:51:18,962 (INFO) - django.utils.autoreload - /Users/masarat/development/django_projects/storefront/storefront/settings/common.py changed, reloading.
2025-08-27 09:51:19,849 (INFO) - django.utils.autoreload - Watching for file changes with StatReloader
2025-08-27 09:51:36,274 (WARNING) - django.request - Unauthorized: /store/collections/
2025-08-27 09:51:36,309 (WARNING) - django.request - Forbidden: /store/collections/
2025-08-27 09:51:36,345 (WARNING) - django.request - Bad Request: /store/collections/
2025-08-27 10:03:33,463 (INFO) - playground.views - Calling httpbin
2025-08-27 10:03:36,976 (INFO) - playground.views - Received the response
